The system is: Linux - 3.2.0-4-486 - i686
Compiling the C compiler identification source file "CMakeCCompilerId.c" succeeded.
Compiler: /usr/bin/gcc 
Build flags: 
Id flags: 

The output was:
0


Compilation of the C compiler identification source "CMakeCCompilerId.c" produced "a.out"

The C compiler identification is GNU, found in "/home/louis/Documents/angel2d/Code/Angel/Libraries/Box2D-2.2.1/Build/CMakeFiles/CompilerIdC/a.out"

Compiling the CXX compiler identification source file "CMakeCXXCompilerId.cpp" succeeded.
Compiler: /usr/bin/c++ 
Build flags: 
Id flags: 

The output was:
0


Compilation of the CXX compiler identification source "CMakeCXXCompilerId.cpp" produced "a.out"

The CXX compiler identification is GNU, found in "/home/louis/Documents/angel2d/Code/Angel/Libraries/Box2D-2.2.1/Build/CMakeFiles/CompilerIdCXX/a.out"

Determining if the C compiler works passed with the following output:
Change Dir: /home/louis/Documents/angel2d/Code/Angel/Libraries/Box2D-2.2.1/Build/CMakeFiles/CMakeTmp

Run Build Command:/usr/bin/make "cmTryCompileExec2622833723/fast"
make[1]: Entering directory `/home/louis/Documents/angel2d/Code/Angel/Libraries/Box2D-2.2.1/Build/CMakeFiles/CMakeTmp'
/usr/bin/make -f CMakeFiles/cmTryCompileExec2622833723.dir/build.make CMakeFiles/cmTryCompileExec2622833723.dir/build
make[2]: Entering directory `/home/louis/Documents/angel2d/Code/Angel/Libraries/Box2D-2.2.1/Build/CMakeFiles/CMakeTmp'
/usr/bin/cmake -E cmake_progress_report /home/louis/Documents/angel2d/Code/Angel/Libraries/Box2D-2.2.1/Build/CMakeFiles/CMakeTmp/CMakeFiles 1
Building C object CMakeFiles/cmTryCompileExec2622833723.dir/testCCompiler.c.o
/usr/bin/gcc    -o CMakeFiles/cmTryCompileExec2622833723.dir/testCCompiler.c.o   -c /home/louis/Documents/angel2d/Code/Angel/Libraries/Box2D-2.2.1/Build/CMakeFiles/CMakeTmp/testCCompiler.c
Linking C executable cmTryCompileExec2622833723
/usr/bin/cmake -E cmake_link_script CMakeFiles/cmTryCompileExec2622833723.dir/link.txt --verbose=1
/usr/bin/gcc         CMakeFiles/cmTryCompileExec2622833723.dir/testCCompiler.c.o  -o cmTryCompileExec2622833723 -rdynamic 
make[2]: Leaving directory `/home/louis/Documents/angel2d/Code/Angel/Libraries/Box2D-2.2.1/Build/CMakeFiles/CMakeTmp'
make[1]: Leaving directory `/home/louis/Documents/angel2d/Code/Angel/Libraries/Box2D-2.2.1/Build/CMakeFiles/CMakeTmp'


Detecting C compiler ABI info compiled with the following output:
Change Dir: /home/louis/Documents/angel2d/Code/Angel/Libraries/Box2D-2.2.1/Build/CMakeFiles/CMakeTmp

Run Build Command:/usr/bin/make "cmTryCompileExec2558981180/fast"
make[1]: Entering directory `/home/louis/Documents/angel2d/Code/Angel/Libraries/Box2D-2.2.1/Build/CMakeFiles/CMakeTmp'
/usr/bin/make -f CMakeFiles/cmTryCompileExec2558981180.dir/build.make CMakeFiles/cmTryCompileExec2558981180.dir/build
make[2]: Entering directory `/home/louis/Documents/angel2d/Code/Angel/Libraries/Box2D-2.2.1/Build/CMakeFiles/CMakeTmp'
/usr/bin/cmake -E cmake_progress_report /home/louis/Documents/angel2d/Code/Angel/Libraries/Box2D-2.2.1/Build/CMakeFiles/CMakeTmp/CMakeFiles 1
Building C object CMakeFiles/cmTryCompileExec2558981180.dir/CMakeCCompilerABI.c.o
/usr/bin/gcc    -o CMakeFiles/cmTryCompileExec2558981180.dir/CMakeCCompilerABI.c.o   -c /usr/share/cmake-2.8/Modules/CMakeCCompilerABI.c
Linking C executable cmTryCompileExec2558981180
/usr/bin/cmake -E cmake_link_script CMakeFiles/cmTryCompileExec2558981180.dir/link.txt --verbose=1
/usr/bin/gcc       -v CMakeFiles/cmTryCompileExec2558981180.dir/CMakeCCompilerABI.c.o  -o cmTryCompileExec2558981180 -rdynamic  
Using built-in specs.
COLLECT_GCC=/usr/bin/gcc
COLLECT_LTO_WRAPPER=/usr/lib/gcc/i486-linux-gnu/4.7/lto-wrapper
Target: i486-linux-gnu
Configured with: ../src/configure -v --with-pkgversion='Debian 4.7.2-5' --with-bugurl=file:///usr/share/doc/gcc-4.7/README.Bugs --enable-languages=c,c++,go,fortran,objc,obj-c++ --prefix=/usr --program-suffix=-4.7 --enable-shared --enable-linker-build-id --with-system-zlib --libexecdir=/usr/lib --without-included-gettext --enable-threads=posix --with-gxx-include-dir=/usr/include/c++/4.7 --libdir=/usr/lib --enable-nls --with-sysroot=/ --enable-clocale=gnu --enable-libstdcxx-debug --enable-libstdcxx-time=yes --enable-gnu-unique-object --enable-plugin --enable-objc-gc --enable-targets=all --with-arch-32=i586 --with-tune=generic --enable-checking=release --build=i486-linux-gnu --host=i486-linux-gnu --target=i486-linux-gnu
Thread model: posix
gcc version 4.7.2 (Debian 4.7.2-5) 
COMPILER_PATH=/usr/lib/gcc/i486-linux-gnu/4.7/:/usr/lib/gcc/i486-linux-gnu/4.7/:/usr/lib/gcc/i486-linux-gnu/:/usr/lib/gcc/i486-linux-gnu/4.7/:/usr/lib/gcc/i486-linux-gnu/
LIBRARY_PATH=/usr/lib/gcc/i486-linux-gnu/4.7/:/usr/lib/gcc/i486-linux-gnu/4.7/../../../i386-linux-gnu/:/usr/lib/gcc/i486-linux-gnu/4.7/../../../../lib/:/lib/i386-linux-gnu/:/lib/../lib/:/usr/lib/i386-linux-gnu/:/usr/lib/../lib/:/usr/lib/gcc/i486-linux-gnu/4.7/../../../:/lib/:/usr/lib/
COLLECT_GCC_OPTIONS='-v' '-o' 'cmTryCompileExec2558981180' '-rdynamic' '-mtune=generic' '-march=i586'
 /usr/lib/gcc/i486-linux-gnu/4.7/collect2 --sysroot=/ --build-id --no-add-needed --eh-frame-hdr -m elf_i386 --hash-style=both -export-dynamic -dynamic-linker /lib/ld-linux.so.2 -o cmTryCompileExec2558981180 /usr/lib/gcc/i486-linux-gnu/4.7/../../../i386-linux-gnu/crt1.o /usr/lib/gcc/i486-linux-gnu/4.7/../../../i386-linux-gnu/crti.o /usr/lib/gcc/i486-linux-gnu/4.7/crtbegin.o -L/usr/lib/gcc/i486-linux-gnu/4.7 -L/usr/lib/gcc/i486-linux-gnu/4.7/../../../i386-linux-gnu -L/usr/lib/gcc/i486-linux-gnu/4.7/../../../../lib -L/lib/i386-linux-gnu -L/lib/../lib -L/usr/lib/i386-linux-gnu -L/usr/lib/../lib -L/usr/lib/gcc/i486-linux-gnu/4.7/../../.. CMakeFiles/cmTryCompileExec2558981180.dir/CMakeCCompilerABI.c.o -lgcc --as-needed -lgcc_s --no-as-needed -lc -lgcc --as-needed -lgcc_s --no-as-needed /usr/lib/gcc/i486-linux-gnu/4.7/crtend.o /usr/lib/gcc/i486-linux-gnu/4.7/../../../i386-linux-gnu/crtn.o
make[2]: Leaving directory `/home/louis/Documents/angel2d/Code/Angel/Libraries/Box2D-2.2.1/Build/CMakeFiles/CMakeTmp'
make[1]: Leaving directory `/home/louis/Documents/angel2d/Code/Angel/Libraries/Box2D-2.2.1/Build/CMakeFiles/CMakeTmp'


Parsed C implicit link information from above output:
  link line regex: [^( *|.*[/\])(ld|ld|collect2)[^/\]*( |$)]
  ignore line: [Change Dir: /home/louis/Documents/angel2d/Code/Angel/Libraries/Box2D-2.2.1/Build/CMakeFiles/CMakeTmp]
  ignore line: []
  ignore line: [Run Build Command:/usr/bin/make "cmTryCompileExec2558981180/fast"]
  ignore line: [make[1]: Entering directory `/home/louis/Documents/angel2d/Code/Angel/Libraries/Box2D-2.2.1/Build/CMakeFiles/CMakeTmp']
  ignore line: [/usr/bin/make -f CMakeFiles/cmTryCompileExec2558981180.dir/build.make CMakeFiles/cmTryCompileExec2558981180.dir/build]
  ignore line: [make[2]: Entering directory `/home/louis/Documents/angel2d/Code/Angel/Libraries/Box2D-2.2.1/Build/CMakeFiles/CMakeTmp']
  ignore line: [/usr/bin/cmake -E cmake_progress_report /home/louis/Documents/angel2d/Code/Angel/Libraries/Box2D-2.2.1/Build/CMakeFiles/CMakeTmp/CMakeFiles 1]
  ignore line: [Building C object CMakeFiles/cmTryCompileExec2558981180.dir/CMakeCCompilerABI.c.o]
  ignore line: [/usr/bin/gcc    -o CMakeFiles/cmTryCompileExec2558981180.dir/CMakeCCompilerABI.c.o   -c /usr/share/cmake-2.8/Modules/CMakeCCompilerABI.c]
  ignore line: [Linking C executable cmTryCompileExec2558981180]
  ignore line: [/usr/bin/cmake -E cmake_link_script CMakeFiles/cmTryCompileExec2558981180.dir/link.txt --verbose=1]
  ignore line: [/usr/bin/gcc       -v CMakeFiles/cmTryCompileExec2558981180.dir/CMakeCCompilerABI.c.o  -o cmTryCompileExec2558981180 -rdynamic  ]
  ignore line: [Using built-in specs.]
  ignore line: [COLLECT_GCC=/usr/bin/gcc]
  ignore line: [COLLECT_LTO_WRAPPER=/usr/lib/gcc/i486-linux-gnu/4.7/lto-wrapper]
  ignore line: [Target: i486-linux-gnu]
  ignore line: [Configured with: ../src/configure -v --with-pkgversion='Debian 4.7.2-5' --with-bugurl=file:///usr/share/doc/gcc-4.7/README.Bugs --enable-languages=c,c++,go,fortran,objc,obj-c++ --prefix=/usr --program-suffix=-4.7 --enable-shared --enable-linker-build-id --with-system-zlib --libexecdir=/usr/lib --without-included-gettext --enable-threads=posix --with-gxx-include-dir=/usr/include/c++/4.7 --libdir=/usr/lib --enable-nls --with-sysroot=/ --enable-clocale=gnu --enable-libstdcxx-debug --enable-libstdcxx-time=yes --enable-gnu-unique-object --enable-plugin --enable-objc-gc --enable-targets=all --with-arch-32=i586 --with-tune=generic --enable-checking=release --build=i486-linux-gnu --host=i486-linux-gnu --target=i486-linux-gnu]
  ignore line: [Thread model: posix]
  ignore line: [gcc version 4.7.2 (Debian 4.7.2-5) ]
  ignore line: [COMPILER_PATH=/usr/lib/gcc/i486-linux-gnu/4.7/:/usr/lib/gcc/i486-linux-gnu/4.7/:/usr/lib/gcc/i486-linux-gnu/:/usr/lib/gcc/i486-linux-gnu/4.7/:/usr/lib/gcc/i486-linux-gnu/]
  ignore line: [LIBRARY_PATH=/usr/lib/gcc/i486-linux-gnu/4.7/:/usr/lib/gcc/i486-linux-gnu/4.7/../../../i386-linux-gnu/:/usr/lib/gcc/i486-linux-gnu/4.7/../../../../lib/:/lib/i386-linux-gnu/:/lib/../lib/:/usr/lib/i386-linux-gnu/:/usr/lib/../lib/:/usr/lib/gcc/i486-linux-gnu/4.7/../../../:/lib/:/usr/lib/]
  ignore line: [COLLECT_GCC_OPTIONS='-v' '-o' 'cmTryCompileExec2558981180' '-rdynamic' '-mtune=generic' '-march=i586']
  link line: [ /usr/lib/gcc/i486-linux-gnu/4.7/collect2 --sysroot=/ --build-id --no-add-needed --eh-frame-hdr -m elf_i386 --hash-style=both -export-dynamic -dynamic-linker /lib/ld-linux.so.2 -o cmTryCompileExec2558981180 /usr/lib/gcc/i486-linux-gnu/4.7/../../../i386-linux-gnu/crt1.o /usr/lib/gcc/i486-linux-gnu/4.7/../../../i386-linux-gnu/crti.o /usr/lib/gcc/i486-linux-gnu/4.7/crtbegin.o -L/usr/lib/gcc/i486-linux-gnu/4.7 -L/usr/lib/gcc/i486-linux-gnu/4.7/../../../i386-linux-gnu -L/usr/lib/gcc/i486-linux-gnu/4.7/../../../../lib -L/lib/i386-linux-gnu -L/lib/../lib -L/usr/lib/i386-linux-gnu -L/usr/lib/../lib -L/usr/lib/gcc/i486-linux-gnu/4.7/../../.. CMakeFiles/cmTryCompileExec2558981180.dir/CMakeCCompilerABI.c.o -lgcc --as-needed -lgcc_s --no-as-needed -lc -lgcc --as-needed -lgcc_s --no-as-needed /usr/lib/gcc/i486-linux-gnu/4.7/crtend.o /usr/lib/gcc/i486-linux-gnu/4.7/../../../i386-linux-gnu/crtn.o]
    arg [/usr/lib/gcc/i486-linux-gnu/4.7/collect2] ==> ignore
    arg [--sysroot=/] ==> ignore
    arg [--build-id] ==> ignore
    arg [--no-add-needed] ==> ignore
    arg [--eh-frame-hdr] ==> ignore
    arg [-m] ==> ignore
    arg [elf_i386] ==> ignore
    arg [--hash-style=both] ==> ignore
    arg [-export-dynamic] ==> ignore
    arg [-dynamic-linker] ==> ignore
    arg [/lib/ld-linux.so.2] ==> ignore
    arg [-o] ==> ignore
    arg [cmTryCompileExec2558981180] ==> ignore
    arg [/usr/lib/gcc/i486-linux-gnu/4.7/../../../i386-linux-gnu/crt1.o] ==> ignore
    arg [/usr/lib/gcc/i486-linux-gnu/4.7/../../../i386-linux-gnu/crti.o] ==> ignore
    arg [/usr/lib/gcc/i486-linux-gnu/4.7/crtbegin.o] ==> ignore
    arg [-L/usr/lib/gcc/i486-linux-gnu/4.7] ==> dir [/usr/lib/gcc/i486-linux-gnu/4.7]
    arg [-L/usr/lib/gcc/i486-linux-gnu/4.7/../../../i386-linux-gnu] ==> dir [/usr/lib/gcc/i486-linux-gnu/4.7/../../../i386-linux-gnu]
    arg [-L/usr/lib/gcc/i486-linux-gnu/4.7/../../../../lib] ==> dir [/usr/lib/gcc/i486-linux-gnu/4.7/../../../../lib]
    arg [-L/lib/i386-linux-gnu] ==> dir [/lib/i386-linux-gnu]
    arg [-L/lib/../lib] ==> dir [/lib/../lib]
    arg [-L/usr/lib/i386-linux-gnu] ==> dir [/usr/lib/i386-linux-gnu]
    arg [-L/usr/lib/../lib] ==> dir [/usr/lib/../lib]
    arg [-L/usr/lib/gcc/i486-linux-gnu/4.7/../../..] ==> dir [/usr/lib/gcc/i486-linux-gnu/4.7/../../..]
    arg [CMakeFiles/cmTryCompileExec2558981180.dir/CMakeCCompilerABI.c.o] ==> ignore
    arg [-lgcc] ==> lib [gcc]
    arg [--as-needed] ==> ignore
    arg [-lgcc_s] ==> lib [gcc_s]
    arg [--no-as-needed] ==> ignore
    arg [-lc] ==> lib [c]
    arg [-lgcc] ==> lib [gcc]
    arg [--as-needed] ==> ignore
    arg [-lgcc_s] ==> lib [gcc_s]
    arg [--no-as-needed] ==> ignore
    arg [/usr/lib/gcc/i486-linux-gnu/4.7/crtend.o] ==> ignore
    arg [/usr/lib/gcc/i486-linux-gnu/4.7/../../../i386-linux-gnu/crtn.o] ==> ignore
  remove lib [gcc]
  remove lib [gcc_s]
  remove lib [gcc]
  remove lib [gcc_s]
  collapse dir [/usr/lib/gcc/i486-linux-gnu/4.7] ==> [/usr/lib/gcc/i486-linux-gnu/4.7]
  collapse dir [/usr/lib/gcc/i486-linux-gnu/4.7/../../../i386-linux-gnu] ==> [/usr/lib/i386-linux-gnu]
  collapse dir [/usr/lib/gcc/i486-linux-gnu/4.7/../../../../lib] ==> [/usr/lib]
  collapse dir [/lib/i386-linux-gnu] ==> [/lib/i386-linux-gnu]
  collapse dir [/lib/../lib] ==> [/lib]
  collapse dir [/usr/lib/i386-linux-gnu] ==> [/usr/lib/i386-linux-gnu]
  collapse dir [/usr/lib/../lib] ==> [/usr/lib]
  collapse dir [/usr/lib/gcc/i486-linux-gnu/4.7/../../..] ==> [/usr/lib]
  implicit libs: [c]
  implicit dirs: [/usr/lib/gcc/i486-linux-gnu/4.7;/usr/lib/i386-linux-gnu;/usr/lib;/lib/i386-linux-gnu;/lib]


Determining if the CXX compiler works passed with the following output:
Change Dir: /home/louis/Documents/angel2d/Code/Angel/Libraries/Box2D-2.2.1/Build/CMakeFiles/CMakeTmp

Run Build Command:/usr/bin/make "cmTryCompileExec2482427190/fast"
make[1]: Entering directory `/home/louis/Documents/angel2d/Code/Angel/Libraries/Box2D-2.2.1/Build/CMakeFiles/CMakeTmp'
/usr/bin/make -f CMakeFiles/cmTryCompileExec2482427190.dir/build.make CMakeFiles/cmTryCompileExec2482427190.dir/build
make[2]: Entering directory `/home/louis/Documents/angel2d/Code/Angel/Libraries/Box2D-2.2.1/Build/CMakeFiles/CMakeTmp'
/usr/bin/cmake -E cmake_progress_report /home/louis/Documents/angel2d/Code/Angel/Libraries/Box2D-2.2.1/Build/CMakeFiles/CMakeTmp/CMakeFiles 1
Building CXX object CMakeFiles/cmTryCompileExec2482427190.dir/testCXXCompiler.cxx.o
/usr/bin/c++     -o CMakeFiles/cmTryCompileExec2482427190.dir/testCXXCompiler.cxx.o -c /home/louis/Documents/angel2d/Code/Angel/Libraries/Box2D-2.2.1/Build/CMakeFiles/CMakeTmp/testCXXCompiler.cxx
Linking CXX executable cmTryCompileExec2482427190
/usr/bin/cmake -E cmake_link_script CMakeFiles/cmTryCompileExec2482427190.dir/link.txt --verbose=1
/usr/bin/c++          CMakeFiles/cmTryCompileExec2482427190.dir/testCXXCompiler.cxx.o  -o cmTryCompileExec2482427190 -rdynamic 
make[2]: Leaving directory `/home/louis/Documents/angel2d/Code/Angel/Libraries/Box2D-2.2.1/Build/CMakeFiles/CMakeTmp'
make[1]: Leaving directory `/home/louis/Documents/angel2d/Code/Angel/Libraries/Box2D-2.2.1/Build/CMakeFiles/CMakeTmp'


Detecting CXX compiler ABI info compiled with the following output:
Change Dir: /home/louis/Documents/angel2d/Code/Angel/Libraries/Box2D-2.2.1/Build/CMakeFiles/CMakeTmp

Run Build Command:/usr/bin/make "cmTryCompileExec3161395705/fast"
make[1]: Entering directory `/home/louis/Documents/angel2d/Code/Angel/Libraries/Box2D-2.2.1/Build/CMakeFiles/CMakeTmp'
/usr/bin/make -f CMakeFiles/cmTryCompileExec3161395705.dir/build.make CMakeFiles/cmTryCompileExec3161395705.dir/build
make[2]: Entering directory `/home/louis/Documents/angel2d/Code/Angel/Libraries/Box2D-2.2.1/Build/CMakeFiles/CMakeTmp'
/usr/bin/cmake -E cmake_progress_report /home/louis/Documents/angel2d/Code/Angel/Libraries/Box2D-2.2.1/Build/CMakeFiles/CMakeTmp/CMakeFiles 1
Building CXX object CMakeFiles/cmTryCompileExec3161395705.dir/CMakeCXXCompilerABI.cpp.o
/usr/bin/c++     -o CMakeFiles/cmTryCompileExec3161395705.dir/CMakeCXXCompilerABI.cpp.o -c /usr/share/cmake-2.8/Modules/CMakeCXXCompilerABI.cpp
Linking CXX executable cmTryCompileExec3161395705
/usr/bin/cmake -E cmake_link_script CMakeFiles/cmTryCompileExec3161395705.dir/link.txt --verbose=1
/usr/bin/c++        -v CMakeFiles/cmTryCompileExec3161395705.dir/CMakeCXXCompilerABI.cpp.o  -o cmTryCompileExec3161395705 -rdynamic  
Using built-in specs.
COLLECT_GCC=/usr/bin/c++
COLLECT_LTO_WRAPPER=/usr/lib/gcc/i486-linux-gnu/4.7/lto-wrapper
Target: i486-linux-gnu
Configured with: ../src/configure -v --with-pkgversion='Debian 4.7.2-5' --with-bugurl=file:///usr/share/doc/gcc-4.7/README.Bugs --enable-languages=c,c++,go,fortran,objc,obj-c++ --prefix=/usr --program-suffix=-4.7 --enable-shared --enable-linker-build-id --with-system-zlib --libexecdir=/usr/lib --without-included-gettext --enable-threads=posix --with-gxx-include-dir=/usr/include/c++/4.7 --libdir=/usr/lib --enable-nls --with-sysroot=/ --enable-clocale=gnu --enable-libstdcxx-debug --enable-libstdcxx-time=yes --enable-gnu-unique-object --enable-plugin --enable-objc-gc --enable-targets=all --with-arch-32=i586 --with-tune=generic --enable-checking=release --build=i486-linux-gnu --host=i486-linux-gnu --target=i486-linux-gnu
Thread model: posix
gcc version 4.7.2 (Debian 4.7.2-5) 
COMPILER_PATH=/usr/lib/gcc/i486-linux-gnu/4.7/:/usr/lib/gcc/i486-linux-gnu/4.7/:/usr/lib/gcc/i486-linux-gnu/:/usr/lib/gcc/i486-linux-gnu/4.7/:/usr/lib/gcc/i486-linux-gnu/
LIBRARY_PATH=/usr/lib/gcc/i486-linux-gnu/4.7/:/usr/lib/gcc/i486-linux-gnu/4.7/../../../i386-linux-gnu/:/usr/lib/gcc/i486-linux-gnu/4.7/../../../../lib/:/lib/i386-linux-gnu/:/lib/../lib/:/usr/lib/i386-linux-gnu/:/usr/lib/../lib/:/usr/lib/gcc/i486-linux-gnu/4.7/../../../:/lib/:/usr/lib/
COLLECT_GCC_OPTIONS='-v' '-o' 'cmTryCompileExec3161395705' '-rdynamic' '-shared-libgcc' '-mtune=generic' '-march=i586'
 /usr/lib/gcc/i486-linux-gnu/4.7/collect2 --sysroot=/ --build-id --no-add-needed --eh-frame-hdr -m elf_i386 --hash-style=both -export-dynamic -dynamic-linker /lib/ld-linux.so.2 -o cmTryCompileExec3161395705 /usr/lib/gcc/i486-linux-gnu/4.7/../../../i386-linux-gnu/crt1.o /usr/lib/gcc/i486-linux-gnu/4.7/../../../i386-linux-gnu/crti.o /usr/lib/gcc/i486-linux-gnu/4.7/crtbegin.o -L/usr/lib/gcc/i486-linux-gnu/4.7 -L/usr/lib/gcc/i486-linux-gnu/4.7/../../../i386-linux-gnu -L/usr/lib/gcc/i486-linux-gnu/4.7/../../../../lib -L/lib/i386-linux-gnu -L/lib/../lib -L/usr/lib/i386-linux-gnu -L/usr/lib/../lib -L/usr/lib/gcc/i486-linux-gnu/4.7/../../.. CMakeFiles/cmTryCompileExec3161395705.dir/CMakeCXXCompilerABI.cpp.o -lstdc++ -lm -lgcc_s -lgcc -lc -lgcc_s -lgcc /usr/lib/gcc/i486-linux-gnu/4.7/crtend.o /usr/lib/gcc/i486-linux-gnu/4.7/../../../i386-linux-gnu/crtn.o
make[2]: Leaving directory `/home/louis/Documents/angel2d/Code/Angel/Libraries/Box2D-2.2.1/Build/CMakeFiles/CMakeTmp'
make[1]: Leaving directory `/home/louis/Documents/angel2d/Code/Angel/Libraries/Box2D-2.2.1/Build/CMakeFiles/CMakeTmp'


Parsed CXX implicit link information from above output:
  link line regex: [^( *|.*[/\])(ld|ld|collect2)[^/\]*( |$)]
  ignore line: [Change Dir: /home/louis/Documents/angel2d/Code/Angel/Libraries/Box2D-2.2.1/Build/CMakeFiles/CMakeTmp]
  ignore line: []
  ignore line: [Run Build Command:/usr/bin/make "cmTryCompileExec3161395705/fast"]
  ignore line: [make[1]: Entering directory `/home/louis/Documents/angel2d/Code/Angel/Libraries/Box2D-2.2.1/Build/CMakeFiles/CMakeTmp']
  ignore line: [/usr/bin/make -f CMakeFiles/cmTryCompileExec3161395705.dir/build.make CMakeFiles/cmTryCompileExec3161395705.dir/build]
  ignore line: [make[2]: Entering directory `/home/louis/Documents/angel2d/Code/Angel/Libraries/Box2D-2.2.1/Build/CMakeFiles/CMakeTmp']
  ignore line: [/usr/bin/cmake -E cmake_progress_report /home/louis/Documents/angel2d/Code/Angel/Libraries/Box2D-2.2.1/Build/CMakeFiles/CMakeTmp/CMakeFiles 1]
  ignore line: [Building CXX object CMakeFiles/cmTryCompileExec3161395705.dir/CMakeCXXCompilerABI.cpp.o]
  ignore line: [/usr/bin/c++     -o CMakeFiles/cmTryCompileExec3161395705.dir/CMakeCXXCompilerABI.cpp.o -c /usr/share/cmake-2.8/Modules/CMakeCXXCompilerABI.cpp]
  ignore line: [Linking CXX executable cmTryCompileExec3161395705]
  ignore line: [/usr/bin/cmake -E cmake_link_script CMakeFiles/cmTryCompileExec3161395705.dir/link.txt --verbose=1]
  ignore line: [/usr/bin/c++        -v CMakeFiles/cmTryCompileExec3161395705.dir/CMakeCXXCompilerABI.cpp.o  -o cmTryCompileExec3161395705 -rdynamic  ]
  ignore line: [Using built-in specs.]
  ignore line: [COLLECT_GCC=/usr/bin/c++]
  ignore line: [COLLECT_LTO_WRAPPER=/usr/lib/gcc/i486-linux-gnu/4.7/lto-wrapper]
  ignore line: [Target: i486-linux-gnu]
  ignore line: [Configured with: ../src/configure -v --with-pkgversion='Debian 4.7.2-5' --with-bugurl=file:///usr/share/doc/gcc-4.7/README.Bugs --enable-languages=c,c++,go,fortran,objc,obj-c++ --prefix=/usr --program-suffix=-4.7 --enable-shared --enable-linker-build-id --with-system-zlib --libexecdir=/usr/lib --without-included-gettext --enable-threads=posix --with-gxx-include-dir=/usr/include/c++/4.7 --libdir=/usr/lib --enable-nls --with-sysroot=/ --enable-clocale=gnu --enable-libstdcxx-debug --enable-libstdcxx-time=yes --enable-gnu-unique-object --enable-plugin --enable-objc-gc --enable-targets=all --with-arch-32=i586 --with-tune=generic --enable-checking=release --build=i486-linux-gnu --host=i486-linux-gnu --target=i486-linux-gnu]
  ignore line: [Thread model: posix]
  ignore line: [gcc version 4.7.2 (Debian 4.7.2-5) ]
  ignore line: [COMPILER_PATH=/usr/lib/gcc/i486-linux-gnu/4.7/:/usr/lib/gcc/i486-linux-gnu/4.7/:/usr/lib/gcc/i486-linux-gnu/:/usr/lib/gcc/i486-linux-gnu/4.7/:/usr/lib/gcc/i486-linux-gnu/]
  ignore line: [LIBRARY_PATH=/usr/lib/gcc/i486-linux-gnu/4.7/:/usr/lib/gcc/i486-linux-gnu/4.7/../../../i386-linux-gnu/:/usr/lib/gcc/i486-linux-gnu/4.7/../../../../lib/:/lib/i386-linux-gnu/:/lib/../lib/:/usr/lib/i386-linux-gnu/:/usr/lib/../lib/:/usr/lib/gcc/i486-linux-gnu/4.7/../../../:/lib/:/usr/lib/]
  ignore line: [COLLECT_GCC_OPTIONS='-v' '-o' 'cmTryCompileExec3161395705' '-rdynamic' '-shared-libgcc' '-mtune=generic' '-march=i586']
  link line: [ /usr/lib/gcc/i486-linux-gnu/4.7/collect2 --sysroot=/ --build-id --no-add-needed --eh-frame-hdr -m elf_i386 --hash-style=both -export-dynamic -dynamic-linker /lib/ld-linux.so.2 -o cmTryCompileExec3161395705 /usr/lib/gcc/i486-linux-gnu/4.7/../../../i386-linux-gnu/crt1.o /usr/lib/gcc/i486-linux-gnu/4.7/../../../i386-linux-gnu/crti.o /usr/lib/gcc/i486-linux-gnu/4.7/crtbegin.o -L/usr/lib/gcc/i486-linux-gnu/4.7 -L/usr/lib/gcc/i486-linux-gnu/4.7/../../../i386-linux-gnu -L/usr/lib/gcc/i486-linux-gnu/4.7/../../../../lib -L/lib/i386-linux-gnu -L/lib/../lib -L/usr/lib/i386-linux-gnu -L/usr/lib/../lib -L/usr/lib/gcc/i486-linux-gnu/4.7/../../.. CMakeFiles/cmTryCompileExec3161395705.dir/CMakeCXXCompilerABI.cpp.o -lstdc++ -lm -lgcc_s -lgcc -lc -lgcc_s -lgcc /usr/lib/gcc/i486-linux-gnu/4.7/crtend.o /usr/lib/gcc/i486-linux-gnu/4.7/../../../i386-linux-gnu/crtn.o]
    arg [/usr/lib/gcc/i486-linux-gnu/4.7/collect2] ==> ignore
    arg [--sysroot=/] ==> ignore
    arg [--build-id] ==> ignore
    arg [--no-add-needed] ==> ignore
    arg [--eh-frame-hdr] ==> ignore
    arg [-m] ==> ignore
    arg [elf_i386] ==> ignore
    arg [--hash-style=both] ==> ignore
    arg [-export-dynamic] ==> ignore
    arg [-dynamic-linker] ==> ignore
    arg [/lib/ld-linux.so.2] ==> ignore
    arg [-o] ==> ignore
    arg [cmTryCompileExec3161395705] ==> ignore
    arg [/usr/lib/gcc/i486-linux-gnu/4.7/../../../i386-linux-gnu/crt1.o] ==> ignore
    arg [/usr/lib/gcc/i486-linux-gnu/4.7/../../../i386-linux-gnu/crti.o] ==> ignore
    arg [/usr/lib/gcc/i486-linux-gnu/4.7/crtbegin.o] ==> ignore
    arg [-L/usr/lib/gcc/i486-linux-gnu/4.7] ==> dir [/usr/lib/gcc/i486-linux-gnu/4.7]
    arg [-L/usr/lib/gcc/i486-linux-gnu/4.7/../../../i386-linux-gnu] ==> dir [/usr/lib/gcc/i486-linux-gnu/4.7/../../../i386-linux-gnu]
    arg [-L/usr/lib/gcc/i486-linux-gnu/4.7/../../../../lib] ==> dir [/usr/lib/gcc/i486-linux-gnu/4.7/../../../../lib]
    arg [-L/lib/i386-linux-gnu] ==> dir [/lib/i386-linux-gnu]
    arg [-L/lib/../lib] ==> dir [/lib/../lib]
    arg [-L/usr/lib/i386-linux-gnu] ==> dir [/usr/lib/i386-linux-gnu]
    arg [-L/usr/lib/../lib] ==> dir [/usr/lib/../lib]
    arg [-L/usr/lib/gcc/i486-linux-gnu/4.7/../../..] ==> dir [/usr/lib/gcc/i486-linux-gnu/4.7/../../..]
    arg [CMakeFiles/cmTryCompileExec3161395705.dir/CMakeCXXCompilerABI.cpp.o] ==> ignore
    arg [-lstdc++] ==> lib [stdc++]
    arg [-lm] ==> lib [m]
    arg [-lgcc_s] ==> lib [gcc_s]
    arg [-lgcc] ==> lib [gcc]
    arg [-lc] ==> lib [c]
    arg [-lgcc_s] ==> lib [gcc_s]
    arg [-lgcc] ==> lib [gcc]
    arg [/usr/lib/gcc/i486-linux-gnu/4.7/crtend.o] ==> ignore
    arg [/usr/lib/gcc/i486-linux-gnu/4.7/../../../i386-linux-gnu/crtn.o] ==> ignore
  remove lib [gcc_s]
  remove lib [gcc]
  remove lib [gcc_s]
  remove lib [gcc]
  collapse dir [/usr/lib/gcc/i486-linux-gnu/4.7] ==> [/usr/lib/gcc/i486-linux-gnu/4.7]
  collapse dir [/usr/lib/gcc/i486-linux-gnu/4.7/../../../i386-linux-gnu] ==> [/usr/lib/i386-linux-gnu]
  collapse dir [/usr/lib/gcc/i486-linux-gnu/4.7/../../../../lib] ==> [/usr/lib]
  collapse dir [/lib/i386-linux-gnu] ==> [/lib/i386-linux-gnu]
  collapse dir [/lib/../lib] ==> [/lib]
  collapse dir [/usr/lib/i386-linux-gnu] ==> [/usr/lib/i386-linux-gnu]
  collapse dir [/usr/lib/../lib] ==> [/usr/lib]
  collapse dir [/usr/lib/gcc/i486-linux-gnu/4.7/../../..] ==> [/usr/lib]
  implicit libs: [stdc++;m;c]
  implicit dirs: [/usr/lib/gcc/i486-linux-gnu/4.7;/usr/lib/i386-linux-gnu;/usr/lib;/lib/i386-linux-gnu;/lib]


Determining if the function XOpenDisplay exists in the /usr/lib/i386-linux-gnu/libX11.so;/usr/lib/i386-linux-gnu/libXext.so passed with the following output:
Change Dir: /home/louis/Documents/angel2d/Code/Angel/Libraries/Box2D-2.2.1/Build/CMakeFiles/CMakeTmp

Run Build Command:/usr/bin/make "cmTryCompileExec1808892316/fast"
make[1]: Entering directory `/home/louis/Documents/angel2d/Code/Angel/Libraries/Box2D-2.2.1/Build/CMakeFiles/CMakeTmp'
/usr/bin/make -f CMakeFiles/cmTryCompileExec1808892316.dir/build.make CMakeFiles/cmTryCompileExec1808892316.dir/build
make[2]: Entering directory `/home/louis/Documents/angel2d/Code/Angel/Libraries/Box2D-2.2.1/Build/CMakeFiles/CMakeTmp'
/usr/bin/cmake -E cmake_progress_report /home/louis/Documents/angel2d/Code/Angel/Libraries/Box2D-2.2.1/Build/CMakeFiles/CMakeTmp/CMakeFiles 1
Building C object CMakeFiles/cmTryCompileExec1808892316.dir/CheckFunctionExists.c.o
/usr/bin/gcc   -DCHECK_FUNCTION_EXISTS=XOpenDisplay   -o CMakeFiles/cmTryCompileExec1808892316.dir/CheckFunctionExists.c.o   -c /usr/share/cmake-2.8/Modules/CheckFunctionExists.c
Linking C executable cmTryCompileExec1808892316
/usr/bin/cmake -E cmake_link_script CMakeFiles/cmTryCompileExec1808892316.dir/link.txt --verbose=1
/usr/bin/gcc     -DCHECK_FUNCTION_EXISTS=XOpenDisplay    CMakeFiles/cmTryCompileExec1808892316.dir/CheckFunctionExists.c.o  -o cmTryCompileExec1808892316 -rdynamic -lX11 -lXext 
make[2]: Leaving directory `/home/louis/Documents/angel2d/Code/Angel/Libraries/Box2D-2.2.1/Build/CMakeFiles/CMakeTmp'
make[1]: Leaving directory `/home/louis/Documents/angel2d/Code/Angel/Libraries/Box2D-2.2.1/Build/CMakeFiles/CMakeTmp'


Determining if the function gethostbyname exists passed with the following output:
Change Dir: /home/louis/Documents/angel2d/Code/Angel/Libraries/Box2D-2.2.1/Build/CMakeFiles/CMakeTmp

Run Build Command:/usr/bin/make "cmTryCompileExec479928990/fast"
make[1]: Entering directory `/home/louis/Documents/angel2d/Code/Angel/Libraries/Box2D-2.2.1/Build/CMakeFiles/CMakeTmp'
/usr/bin/make -f CMakeFiles/cmTryCompileExec479928990.dir/build.make CMakeFiles/cmTryCompileExec479928990.dir/build
make[2]: Entering directory `/home/louis/Documents/angel2d/Code/Angel/Libraries/Box2D-2.2.1/Build/CMakeFiles/CMakeTmp'
/usr/bin/cmake -E cmake_progress_report /home/louis/Documents/angel2d/Code/Angel/Libraries/Box2D-2.2.1/Build/CMakeFiles/CMakeTmp/CMakeFiles 1
Building C object CMakeFiles/cmTryCompileExec479928990.dir/CheckFunctionExists.c.o
/usr/bin/gcc   -DCHECK_FUNCTION_EXISTS=gethostbyname   -o CMakeFiles/cmTryCompileExec479928990.dir/CheckFunctionExists.c.o   -c /usr/share/cmake-2.8/Modules/CheckFunctionExists.c
Linking C executable cmTryCompileExec479928990
/usr/bin/cmake -E cmake_link_script CMakeFiles/cmTryCompileExec479928990.dir/link.txt --verbose=1
/usr/bin/gcc     -DCHECK_FUNCTION_EXISTS=gethostbyname    CMakeFiles/cmTryCompileExec479928990.dir/CheckFunctionExists.c.o  -o cmTryCompileExec479928990 -rdynamic 
make[2]: Leaving directory `/home/louis/Documents/angel2d/Code/Angel/Libraries/Box2D-2.2.1/Build/CMakeFiles/CMakeTmp'
make[1]: Leaving directory `/home/louis/Documents/angel2d/Code/Angel/Libraries/Box2D-2.2.1/Build/CMakeFiles/CMakeTmp'


Determining if the function connect exists passed with the following output:
Change Dir: /home/louis/Documents/angel2d/Code/Angel/Libraries/Box2D-2.2.1/Build/CMakeFiles/CMakeTmp

Run Build Command:/usr/bin/make "cmTryCompileExec2903764584/fast"
make[1]: Entering directory `/home/louis/Documents/angel2d/Code/Angel/Libraries/Box2D-2.2.1/Build/CMakeFiles/CMakeTmp'
/usr/bin/make -f CMakeFiles/cmTryCompileExec2903764584.dir/build.make CMakeFiles/cmTryCompileExec2903764584.dir/build
make[2]: Entering directory `/home/louis/Documents/angel2d/Code/Angel/Libraries/Box2D-2.2.1/Build/CMakeFiles/CMakeTmp'
/usr/bin/cmake -E cmake_progress_report /home/louis/Documents/angel2d/Code/Angel/Libraries/Box2D-2.2.1/Build/CMakeFiles/CMakeTmp/CMakeFiles 1
Building C object CMakeFiles/cmTryCompileExec2903764584.dir/CheckFunctionExists.c.o
/usr/bin/gcc   -DCHECK_FUNCTION_EXISTS=connect   -o CMakeFiles/cmTryCompileExec2903764584.dir/CheckFunctionExists.c.o   -c /usr/share/cmake-2.8/Modules/CheckFunctionExists.c
Linking C executable cmTryCompileExec2903764584
/usr/bin/cmake -E cmake_link_script CMakeFiles/cmTryCompileExec2903764584.dir/link.txt --verbose=1
/usr/bin/gcc     -DCHECK_FUNCTION_EXISTS=connect    CMakeFiles/cmTryCompileExec2903764584.dir/CheckFunctionExists.c.o  -o cmTryCompileExec2903764584 -rdynamic 
make[2]: Leaving directory `/home/louis/Documents/angel2d/Code/Angel/Libraries/Box2D-2.2.1/Build/CMakeFiles/CMakeTmp'
make[1]: Leaving directory `/home/louis/Documents/angel2d/Code/Angel/Libraries/Box2D-2.2.1/Build/CMakeFiles/CMakeTmp'


Determining if the function remove exists passed with the following output:
Change Dir: /home/louis/Documents/angel2d/Code/Angel/Libraries/Box2D-2.2.1/Build/CMakeFiles/CMakeTmp

Run Build Command:/usr/bin/make "cmTryCompileExec2435483090/fast"
make[1]: Entering directory `/home/louis/Documents/angel2d/Code/Angel/Libraries/Box2D-2.2.1/Build/CMakeFiles/CMakeTmp'
/usr/bin/make -f CMakeFiles/cmTryCompileExec2435483090.dir/build.make CMakeFiles/cmTryCompileExec2435483090.dir/build
make[2]: Entering directory `/home/louis/Documents/angel2d/Code/Angel/Libraries/Box2D-2.2.1/Build/CMakeFiles/CMakeTmp'
/usr/bin/cmake -E cmake_progress_report /home/louis/Documents/angel2d/Code/Angel/Libraries/Box2D-2.2.1/Build/CMakeFiles/CMakeTmp/CMakeFiles 1
Building C object CMakeFiles/cmTryCompileExec2435483090.dir/CheckFunctionExists.c.o
/usr/bin/gcc   -DCHECK_FUNCTION_EXISTS=remove   -o CMakeFiles/cmTryCompileExec2435483090.dir/CheckFunctionExists.c.o   -c /usr/share/cmake-2.8/Modules/CheckFunctionExists.c
Linking C executable cmTryCompileExec2435483090
/usr/bin/cmake -E cmake_link_script CMakeFiles/cmTryCompileExec2435483090.dir/link.txt --verbose=1
/usr/bin/gcc     -DCHECK_FUNCTION_EXISTS=remove    CMakeFiles/cmTryCompileExec2435483090.dir/CheckFunctionExists.c.o  -o cmTryCompileExec2435483090 -rdynamic 
make[2]: Leaving directory `/home/louis/Documents/angel2d/Code/Angel/Libraries/Box2D-2.2.1/Build/CMakeFiles/CMakeTmp'
make[1]: Leaving directory `/home/louis/Documents/angel2d/Code/Angel/Libraries/Box2D-2.2.1/Build/CMakeFiles/CMakeTmp'


Determining if the function shmat exists passed with the following output:
Change Dir: /home/louis/Documents/angel2d/Code/Angel/Libraries/Box2D-2.2.1/Build/CMakeFiles/CMakeTmp

Run Build Command:/usr/bin/make "cmTryCompileExec817775517/fast"
make[1]: Entering directory `/home/louis/Documents/angel2d/Code/Angel/Libraries/Box2D-2.2.1/Build/CMakeFiles/CMakeTmp'
/usr/bin/make -f CMakeFiles/cmTryCompileExec817775517.dir/build.make CMakeFiles/cmTryCompileExec817775517.dir/build
make[2]: Entering directory `/home/louis/Documents/angel2d/Code/Angel/Libraries/Box2D-2.2.1/Build/CMakeFiles/CMakeTmp'
/usr/bin/cmake -E cmake_progress_report /home/louis/Documents/angel2d/Code/Angel/Libraries/Box2D-2.2.1/Build/CMakeFiles/CMakeTmp/CMakeFiles 1
Building C object CMakeFiles/cmTryCompileExec817775517.dir/CheckFunctionExists.c.o
/usr/bin/gcc   -DCHECK_FUNCTION_EXISTS=shmat   -o CMakeFiles/cmTryCompileExec817775517.dir/CheckFunctionExists.c.o   -c /usr/share/cmake-2.8/Modules/CheckFunctionExists.c
Linking C executable cmTryCompileExec817775517
/usr/bin/cmake -E cmake_link_script CMakeFiles/cmTryCompileExec817775517.dir/link.txt --verbose=1
/usr/bin/gcc     -DCHECK_FUNCTION_EXISTS=shmat    CMakeFiles/cmTryCompileExec817775517.dir/CheckFunctionExists.c.o  -o cmTryCompileExec817775517 -rdynamic 
make[2]: Leaving directory `/home/louis/Documents/angel2d/Code/Angel/Libraries/Box2D-2.2.1/Build/CMakeFiles/CMakeTmp'
make[1]: Leaving directory `/home/louis/Documents/angel2d/Code/Angel/Libraries/Box2D-2.2.1/Build/CMakeFiles/CMakeTmp'


Determining if the function IceConnectionNumber exists in the ICE passed with the following output:
Change Dir: /home/louis/Documents/angel2d/Code/Angel/Libraries/Box2D-2.2.1/Build/CMakeFiles/CMakeTmp

Run Build Command:/usr/bin/make "cmTryCompileExec4127248565/fast"
make[1]: Entering directory `/home/louis/Documents/angel2d/Code/Angel/Libraries/Box2D-2.2.1/Build/CMakeFiles/CMakeTmp'
/usr/bin/make -f CMakeFiles/cmTryCompileExec4127248565.dir/build.make CMakeFiles/cmTryCompileExec4127248565.dir/build
make[2]: Entering directory `/home/louis/Documents/angel2d/Code/Angel/Libraries/Box2D-2.2.1/Build/CMakeFiles/CMakeTmp'
/usr/bin/cmake -E cmake_progress_report /home/louis/Documents/angel2d/Code/Angel/Libraries/Box2D-2.2.1/Build/CMakeFiles/CMakeTmp/CMakeFiles 1
Building C object CMakeFiles/cmTryCompileExec4127248565.dir/CheckFunctionExists.c.o
/usr/bin/gcc   -DCHECK_FUNCTION_EXISTS=IceConnectionNumber   -o CMakeFiles/cmTryCompileExec4127248565.dir/CheckFunctionExists.c.o   -c /usr/share/cmake-2.8/Modules/CheckFunctionExists.c
Linking C executable cmTryCompileExec4127248565
/usr/bin/cmake -E cmake_link_script CMakeFiles/cmTryCompileExec4127248565.dir/link.txt --verbose=1
/usr/bin/gcc     -DCHECK_FUNCTION_EXISTS=IceConnectionNumber    CMakeFiles/cmTryCompileExec4127248565.dir/CheckFunctionExists.c.o  -o cmTryCompileExec4127248565 -rdynamic -lICE 
make[2]: Leaving directory `/home/louis/Documents/angel2d/Code/Angel/Libraries/Box2D-2.2.1/Build/CMakeFiles/CMakeTmp'
make[1]: Leaving directory `/home/louis/Documents/angel2d/Code/Angel/Libraries/Box2D-2.2.1/Build/CMakeFiles/CMakeTmp'


